<?xml version="1.0" encoding="UTF-8"?>
<!-- Generated by org.testng.reporters.JUnitXMLReporter -->
<testsuite ignored="2" hostname="DESKTOP-KGIC7LN" failures="0" tests="4" name="Sample test" time="27.793" errors="0" timestamp="2021-06-16T16:20:57 IST">
  <testcase classname="tests.Test01" name="verifyMyLeaveInvalid" time="7.064"/>
  <testcase classname="tests.Test01" name="verifyMyLeave" time="5.126"/>
  <testcase classname="tests.Test02" name="verifyMyLeave01" time="5.091"/>
  <testcase classname="tests.Test02" name="verifyMyLeaveInvalid01" time="5.089"/>
  <testcase classname="base.BaseClass" name="@AfterSuite tearDown" time="0.0">
    <ignored/>
  </testcase> <!-- @AfterSuite tearDown -->
  <testcase classname="base.BaseClass" name="@BeforeSuite setUp" time="0.0">
    <ignored/>
  </testcase> <!-- @BeforeSuite setUp -->
</testsuite> <!-- Sample test -->
