<?xml version="1.0" encoding="UTF-8"?>
<testng-results ignored="2" total="6" passed="4" failed="0" skipped="0">
  <reporter-output>
  </reporter-output>
  <suite started-at="2021-06-16T16:20:29 IST" name="Test Suite" finished-at="2021-06-16T16:20:57 IST" duration-ms="27793">
    <groups>
      <group name="functional">
        <method signature="Test02.verifyMyLeave01()[pri:0, instance:tests.Test02@58ea606c]" name="verifyMyLeave01" class="tests.Test02"/>
      </group> <!-- functional -->
      <group name="smoke">
        <method signature="Test01.verifyMyLeave()[pri:1, instance:tests.Test01@37271612]" name="verifyMyLeave" class="tests.Test01"/>
        <method signature="Test01.verifyMyLeaveInvalid()[pri:0, instance:tests.Test01@37271612]" name="verifyMyLeaveInvalid" class="tests.Test01"/>
        <method signature="Test02.verifyMyLeave01()[pri:0, instance:tests.Test02@58ea606c]" name="verifyMyLeave01" class="tests.Test02"/>
        <method signature="Test02.verifyMyLeaveInvalid01()[pri:1, instance:tests.Test02@58ea606c]" name="verifyMyLeaveInvalid01" class="tests.Test02"/>
      </group> <!-- smoke -->
      <group name="negativecase">
        <method signature="Test01.verifyMyLeaveInvalid()[pri:0, instance:tests.Test01@37271612]" name="verifyMyLeaveInvalid" class="tests.Test01"/>
        <method signature="Test02.verifyMyLeave01()[pri:0, instance:tests.Test02@58ea606c]" name="verifyMyLeave01" class="tests.Test02"/>
      </group> <!-- negativecase -->
    </groups>
    <test started-at="2021-06-16T16:20:29 IST" name="Sample test" finished-at="2021-06-16T16:20:57 IST" duration-ms="27793">
      <class name="tests.Test02">
        <test-method is-config="true" signature="launchApp()[pri:0, instance:tests.Test02@58ea606c]" started-at="2021-06-16T16:20:46 IST" name="launchApp" finished-at="2021-06-16T16:20:46 IST" duration-ms="611" status="PASS">
          <reporter-output>
          </reporter-output>
        </test-method> <!-- launchApp -->
        <test-method signature="verifyMyLeave01()[pri:0, instance:tests.Test02@58ea606c]" started-at="2021-06-16T16:20:46 IST" name="verifyMyLeave01" finished-at="2021-06-16T16:20:51 IST" duration-ms="5091" status="PASS">
          <reporter-output>
          </reporter-output>
        </test-method> <!-- verifyMyLeave01 -->
        <test-method is-config="true" signature="launchApp()[pri:0, instance:tests.Test02@58ea606c]" started-at="2021-06-16T16:20:51 IST" name="launchApp" finished-at="2021-06-16T16:20:52 IST" duration-ms="606" status="PASS">
          <reporter-output>
          </reporter-output>
        </test-method> <!-- launchApp -->
        <test-method signature="verifyMyLeaveInvalid01()[pri:1, instance:tests.Test02@58ea606c]" started-at="2021-06-16T16:20:52 IST" name="verifyMyLeaveInvalid01" finished-at="2021-06-16T16:20:57 IST" duration-ms="5089" status="PASS">
          <reporter-output>
          </reporter-output>
        </test-method> <!-- verifyMyLeaveInvalid01 -->
      </class> <!-- tests.Test02 -->
      <class name="tests.Test01">
        <test-method is-config="true" signature="setUp()[pri:0, instance:tests.Test01@37271612]" started-at="2021-06-16T16:20:27 IST" name="setUp" finished-at="2021-06-16T16:20:29 IST" duration-ms="2546" status="PASS">
          <reporter-output>
          </reporter-output>
        </test-method> <!-- setUp -->
        <test-method is-config="true" signature="launchApp()[pri:0, instance:tests.Test01@37271612]" started-at="2021-06-16T16:20:29 IST" name="launchApp" finished-at="2021-06-16T16:20:33 IST" duration-ms="3626" status="PASS">
          <reporter-output>
          </reporter-output>
        </test-method> <!-- launchApp -->
        <test-method signature="verifyMyLeaveInvalid()[pri:0, instance:tests.Test01@37271612]" started-at="2021-06-16T16:20:33 IST" name="verifyMyLeaveInvalid" finished-at="2021-06-16T16:20:40 IST" duration-ms="7064" status="PASS">
          <reporter-output>
          </reporter-output>
        </test-method> <!-- verifyMyLeaveInvalid -->
        <test-method is-config="true" signature="launchApp()[pri:0, instance:tests.Test01@37271612]" started-at="2021-06-16T16:20:40 IST" name="launchApp" finished-at="2021-06-16T16:20:41 IST" duration-ms="549" status="PASS">
          <reporter-output>
          </reporter-output>
        </test-method> <!-- launchApp -->
        <test-method signature="verifyMyLeave()[pri:1, instance:tests.Test01@37271612]" started-at="2021-06-16T16:20:41 IST" name="verifyMyLeave" finished-at="2021-06-16T16:20:46 IST" duration-ms="5126" status="PASS">
          <reporter-output>
          </reporter-output>
        </test-method> <!-- verifyMyLeave -->
        <test-method is-config="true" signature="tearDown()[pri:0, instance:tests.Test01@37271612]" started-at="2021-06-16T16:20:57 IST" name="tearDown" finished-at="2021-06-16T16:20:57 IST" duration-ms="41" status="PASS">
          <reporter-output>
          </reporter-output>
        </test-method> <!-- tearDown -->
      </class> <!-- tests.Test01 -->
    </test> <!-- Sample test -->
  </suite> <!-- Test Suite -->
</testng-results>
